<?xml version="1.0" encoding="UTF-8"?>
<testsuite name="com.can.SpringBootMaratonEticaretApplicationTests" tests="1" skipped="0" failures="0" errors="0" timestamp="2024-06-09T14:22:32" hostname="192.168.1.50" time="0.248">
  <properties/>
  <testcase name="contextLoads()" classname="com.can.SpringBootMaratonEticaretApplicationTests" time="0.248"/>
  <system-out><![CDATA[17:22:31.276 [Test worker] INFO org.springframework.test.context.support.AnnotationConfigContextLoaderUtils -- Could not detect default configuration classes for test class [com.can.SpringBootMaratonEticaretApplicationTests]: SpringBootMaratonEticaretApplicationTests does not declare any static, non-private, non-final, nested classes annotated with @Configuration.
17:22:31.307 [Test worker] INFO org.springframework.boot.test.context.SpringBootTestContextBootstrapper -- Found @SpringBootConfiguration com.can.SpringBootMaratonEticaretApplication for test class com.can.SpringBootMaratonEticaretApplicationTests
  .   ____          _            __ _ _
 /\\ / ___'_ __ _ _(_)_ __  __ _ \ \ \ \
( ( )\___ | '_ | '_| | '_ \/ _` | \ \ \ \
 \\/  ___)| |_)| | | | | || (_| |  ) ) ) )
  '  |____| .__|_| |_|_| |_\__, | / / / /
 =========|_|==============|___/=/_/_/_/

 :: Spring Boot ::                (v3.3.0)

2024-06-09T17:22:31.431+03:00  INFO 57368 --- [    Test worker] pringBootMaratonEticaretApplicationTests : Starting SpringBootMaratonEticaretApplicationTests using Java 21.0.2 with PID 57368 (started by ican in /Users/ican/Documents/BilgeAdamBoost/Spring/SpringBootMaratonEticaret)
2024-06-09T17:22:31.432+03:00  INFO 57368 --- [    Test worker] pringBootMaratonEticaretApplicationTests : No active profile set, falling back to 1 default profile: "default"
2024-06-09T17:22:31.669+03:00  INFO 57368 --- [    Test worker] .s.d.r.c.RepositoryConfigurationDelegate : Bootstrapping Spring Data JPA repositories in DEFAULT mode.
2024-06-09T17:22:31.687+03:00  INFO 57368 --- [    Test worker] .s.d.r.c.RepositoryConfigurationDelegate : Finished Spring Data repository scanning in 16 ms. Found 4 JPA repository interfaces.
2024-06-09T17:22:31.818+03:00  INFO 57368 --- [    Test worker] o.hibernate.jpa.internal.util.LogHelper  : HHH000204: Processing PersistenceUnitInfo [name: default]
2024-06-09T17:22:31.837+03:00  INFO 57368 --- [    Test worker] org.hibernate.Version                    : HHH000412: Hibernate ORM core version 6.5.2.Final
2024-06-09T17:22:31.847+03:00  INFO 57368 --- [    Test worker] o.h.c.internal.RegionFactoryInitiator    : HHH000026: Second-level cache disabled
2024-06-09T17:22:31.933+03:00  INFO 57368 --- [    Test worker] o.s.o.j.p.SpringPersistenceUnitInfo      : No LoadTimeWeaver setup: ignoring JPA class transformer
2024-06-09T17:22:31.940+03:00  INFO 57368 --- [    Test worker] com.zaxxer.hikari.HikariDataSource       : HikariPool-1 - Starting...
2024-06-09T17:22:32.015+03:00  INFO 57368 --- [    Test worker] com.zaxxer.hikari.pool.HikariPool        : HikariPool-1 - Added connection org.postgresql.jdbc.PgConnection@315cf170
2024-06-09T17:22:32.015+03:00  INFO 57368 --- [    Test worker] com.zaxxer.hikari.HikariDataSource       : HikariPool-1 - Start completed.
2024-06-09T17:22:32.343+03:00  INFO 57368 --- [    Test worker] o.h.e.t.j.p.i.JtaPlatformInitiator       : HHH000489: No JTA platform available (set 'hibernate.transaction.jta.platform' to enable JTA platform integration)
2024-06-09T17:22:32.405+03:00  INFO 57368 --- [    Test worker] j.LocalContainerEntityManagerFactoryBean : Initialized JPA EntityManagerFactory for persistence unit 'default'
2024-06-09T17:22:32.601+03:00  WARN 57368 --- [    Test worker] JpaBaseConfiguration$JpaWebConfiguration : spring.jpa.open-in-view is enabled by default. Therefore, database queries may be performed during view rendering. Explicitly configure spring.jpa.open-in-view to disable this warning
2024-06-09T17:22:32.752+03:00  INFO 57368 --- [    Test worker] pringBootMaratonEticaretApplicationTests : Started SpringBootMaratonEticaretApplicationTests in 1.407 seconds (process running for 1.768)
]]></system-out>
  <system-err><![CDATA[WARNING: A Java agent has been loaded dynamically (/Users/ican/.gradle/caches/modules-2/files-2.1/net.bytebuddy/byte-buddy-agent/1.14.16/4a451ee6484abac3a498df0f3b33ed00a6fced4d/byte-buddy-agent-1.14.16.jar)
WARNING: If a serviceability tool is in use, please run with -XX:+EnableDynamicAgentLoading to hide this warning
WARNING: If a serviceability tool is not in use, please run with -Djdk.instrument.traceUsage for more information
WARNING: Dynamic loading of agents will be disallowed by default in a future release
]]></system-err>
</testsuite>
